<?xml version="1.0" encoding="UTF-8"?>
<robot generator="Robot 7.2.2 (Python 3.13.2 on win32)" generated="2025-03-17T14:58:02.763489" rpa="false" schemaversion="5">
<suite id="s1" name="APIDemos test" source="c:\Users\Administrateur\OneDrive - M2I\Bureau\APIDemos\Tests\APIDemos_test.robot">
<test id="s1-t1" name="Test APIDemos_Seek_Bar" line="30">
<kw name="Given I open the apps" owner="keywords">
<kw name="Open Application" owner="AppiumLibrary">
<arg>${REMOTE_URL}</arg>
<arg>platformName=${PLATFORM_NAME}</arg>
<arg>platformVersion=${PLATFORM_VERSION}</arg>
<arg>deviceName=${DEVICE_NAME}</arg>
<arg>appPackage=${APP_PACKAGE}</arg>
<arg>appActivity=${APP_ACTIVITY}</arg>
<arg>automationName=${AUTOMATION_NAME}</arg>
<doc>Opens a new application to given Appium server.
Capabilities of appium server, Android and iOS,
Please check https://appium.io/docs/en/2.1/cli/args/
| *Option*            | *Man.* | *Description*     |
| remote_url          | Yes    | Appium server url |
| alias               | no     | alias             |
| strict_ssl          | No     | allows you to send commands to an invalid certificate host like a self-signed one. |</doc>
<status status="PASS" start="2025-03-17T14:58:02.942459" elapsed="5.317123"/>
</kw>
<status status="PASS" start="2025-03-17T14:58:02.941877" elapsed="5.318115"/>
</kw>
<kw name="When Click view" owner="keywords">
<kw name="Click Element" owner="AppiumLibrary">
<msg time="2025-03-17T14:58:08.262316" level="INFO">Clicking element 'xpath=//android.widget.TextView[@content-desc="Views"]'.</msg>
<msg time="2025-03-17T14:58:10.565415" level="INFO">xpath criteria: //android.widget.TextView[@content-desc="Views"]</msg>
<arg>${views}</arg>
<doc>Click element identified by `locator`.</doc>
<status status="PASS" start="2025-03-17T14:58:08.260927" elapsed="2.304717"/>
</kw>
<status status="PASS" start="2025-03-17T14:58:08.260561" elapsed="2.305214"/>
</kw>
<kw name="And Scroll dans view pour atteindre seek bar" owner="keywords">
<kw name="Swipe" owner="AppiumLibrary">
<arg>start_x=100</arg>
<arg>start_y=1700</arg>
<arg>offset_x=0</arg>
<arg>offset_y=-100</arg>
<doc>Swipe from one point to another point, for an optional duration.</doc>
<status status="PASS" start="2025-03-17T14:58:10.567167" elapsed="1.298455"/>
</kw>
<kw name="Wait Until Element Is Visible" owner="AppiumLibrary">
<msg time="2025-03-17T14:58:12.972887" level="INFO">xpath criteria: //android.widget.TextView[@content-desc="Seek Bar"]</msg>
<arg>${seek_bar}</arg>
<arg>timeout=20s</arg>
<doc>Waits until element specified with `locator` is visible.</doc>
<status status="PASS" start="2025-03-17T14:58:11.865906" elapsed="1.107273"/>
</kw>
<kw name="Click Element" owner="AppiumLibrary">
<msg time="2025-03-17T14:58:12.974356" level="INFO">Clicking element 'xpath=//android.widget.TextView[@content-desc="Seek Bar"]'.</msg>
<msg time="2025-03-17T14:58:14.332319" level="INFO">xpath criteria: //android.widget.TextView[@content-desc="Seek Bar"]</msg>
<arg>${seek_bar}</arg>
<doc>Click element identified by `locator`.</doc>
<status status="PASS" start="2025-03-17T14:58:12.973422" elapsed="1.359236"/>
</kw>
<status status="PASS" start="2025-03-17T14:58:10.566676" elapsed="3.766149"/>
</kw>
<kw name="And Mettez la bar à 88" owner="keywords">
<kw name="Input Text" owner="AppiumLibrary">
<msg time="2025-03-17T14:58:14.335567" level="INFO">Typing text '88' into text field 'id=io.appium.android.apis:id/seek'</msg>
<msg time="2025-03-17T14:58:14.383506" level="INFO">criteria is io.appium.android.apis:id/seek</msg>
<arg>${slide}</arg>
<arg>88</arg>
<doc>Types the given `text` into text field identified by `locator`.</doc>
<status status="PASS" start="2025-03-17T14:58:14.333856" elapsed="0.049945"/>
</kw>
<status status="PASS" start="2025-03-17T14:58:14.333455" elapsed="0.050596"/>
</kw>
<status status="PASS" start="2025-03-17T14:58:02.941168" elapsed="11.443389"/>
</test>
<status status="PASS" start="2025-03-17T14:58:02.767282" elapsed="11.618470"/>
</suite>
<statistics>
<total>
<stat pass="1" fail="0" skip="0">All Tests</stat>
</total>
<tag>
</tag>
<suite>
<stat name="APIDemos test" id="s1" pass="1" fail="0" skip="0">APIDemos test</stat>
</suite>
</statistics>
<errors>
</errors>
</robot>
